running egg_info
writing ../../build/first_opencv/first_opencv.egg-info/PKG-INFO
writing dependency_links to ../../build/first_opencv/first_opencv.egg-info/dependency_links.txt
writing entry points to ../../build/first_opencv/first_opencv.egg-info/entry_points.txt
writing requirements to ../../build/first_opencv/first_opencv.egg-info/requires.txt
writing top-level names to ../../build/first_opencv/first_opencv.egg-info/top_level.txt
reading manifest file '../../build/first_opencv/first_opencv.egg-info/SOURCES.txt'
adding license file 'LICENSE'
writing manifest file '../../build/first_opencv/first_opencv.egg-info/SOURCES.txt'
running build
running build_py
running install
running install_lib
running install_data
running install_egg_info
removing '/home/yzz/opencv_ws/install/first_opencv/lib/python3.10/site-packages/first_opencv-0.0.0-py3.10.egg-info' (and everything under it)
Copying ../../build/first_opencv/first_opencv.egg-info to /home/yzz/opencv_ws/install/first_opencv/lib/python3.10/site-packages/first_opencv-0.0.0-py3.10.egg-info
running install_scripts
Installing color_tracker_node script to /home/yzz/opencv_ws/install/first_opencv/lib/first_opencv
writing list of installed files to '/home/yzz/opencv_ws/build/first_opencv/install.log'
