[0.392s] Invoking command in '/home/yzz/opencv_ws/src/first_opencv': PYTHONPATH=/home/yzz/opencv_ws/build/first_opencv/prefix_override:/usr/lib/python3/dist-packages/colcon_core/task/python/colcon_distutils_commands:/home/yzz/opencv_ws/install/first_opencv/lib/python3.10/site-packages:${PYTHONPATH} /usr/bin/python3 -W ignore:setup.py install is deprecated -W ignore:easy_install command is deprecated setup.py egg_info --egg-base ../../build/first_opencv build --build-base /home/yzz/opencv_ws/build/first_opencv/build install --record /home/yzz/opencv_ws/build/first_opencv/install.log --single-version-externally-managed install_data
[0.552s] running egg_info
[0.552s] writing ../../build/first_opencv/first_opencv.egg-info/PKG-INFO
[0.552s] writing dependency_links to ../../build/first_opencv/first_opencv.egg-info/dependency_links.txt
[0.553s] writing entry points to ../../build/first_opencv/first_opencv.egg-info/entry_points.txt
[0.553s] writing requirements to ../../build/first_opencv/first_opencv.egg-info/requires.txt
[0.553s] writing top-level names to ../../build/first_opencv/first_opencv.egg-info/top_level.txt
[0.555s] reading manifest file '../../build/first_opencv/first_opencv.egg-info/SOURCES.txt'
[0.555s] adding license file 'LICENSE'
[0.555s] writing manifest file '../../build/first_opencv/first_opencv.egg-info/SOURCES.txt'
[0.556s] running build
[0.556s] running build_py
[0.556s] running install
[0.556s] running install_lib
[0.557s] running install_data
[0.557s] running install_egg_info
[0.558s] removing '/home/yzz/opencv_ws/install/first_opencv/lib/python3.10/site-packages/first_opencv-0.0.0-py3.10.egg-info' (and everything under it)
[0.558s] Copying ../../build/first_opencv/first_opencv.egg-info to /home/yzz/opencv_ws/install/first_opencv/lib/python3.10/site-packages/first_opencv-0.0.0-py3.10.egg-info
[0.559s] running install_scripts
[0.572s] Installing color_tracker_node script to /home/yzz/opencv_ws/install/first_opencv/lib/first_opencv
[0.573s] writing list of installed files to '/home/yzz/opencv_ws/build/first_opencv/install.log'
[0.586s] Invoked command in '/home/yzz/opencv_ws/src/first_opencv' returned '0': PYTHONPATH=/home/yzz/opencv_ws/build/first_opencv/prefix_override:/usr/lib/python3/dist-packages/colcon_core/task/python/colcon_distutils_commands:/home/yzz/opencv_ws/install/first_opencv/lib/python3.10/site-packages:${PYTHONPATH} /usr/bin/python3 -W ignore:setup.py install is deprecated -W ignore:easy_install command is deprecated setup.py egg_info --egg-base ../../build/first_opencv build --build-base /home/yzz/opencv_ws/build/first_opencv/build install --record /home/yzz/opencv_ws/build/first_opencv/install.log --single-version-externally-managed install_data
